2018-07-19 20:07:48 =CRASH REPORT====
  crasher:
    initial call: poolboy:init/1
    pid: <0.186.0>
    registered_name: []
    exception error: {{badmatch,{error,timeout}},[{poolboy,new_worker,1,[{file,"poolboy/src/poolboy.erl"},{line,275}]},{poolboy,prepopulate,3,[{file,"poolboy/src/poolboy.erl"},{line,296}]},{poolboy,init,3,[{file,"poolboy/src/poolboy.erl"},{line,145}]},{gen_server,init_it,2,[{file,"gen_server.erl"},{line,374}]},{gen_server,init_it,6,[{file,"gen_server.erl"},{line,342}]},{proc_lib,init_p_do_apply,3,[{file,"proc_lib.erl"},{line,249}]}]}
    ancestors: [mysql_poolboy_sup,<0.184.0>]
    message_queue_len: 0
    messages: []
    links: [<0.185.0>,<0.187.0>]
    dictionary: []
    trap_exit: true
    status: running
    heap_size: 610
    stack_size: 27
    reductions: 327
  neighbours:
2018-07-19 20:07:48 =SUPERVISOR REPORT====
     Supervisor: {local,mysql_poolboy_sup}
     Context:    start_error
     Reason:     {{badmatch,{error,timeout}},[{poolboy,new_worker,1,[{file,"poolboy/src/poolboy.erl"},{line,275}]},{poolboy,prepopulate,3,[{file,"poolboy/src/poolboy.erl"},{line,296}]},{poolboy,init,3,[{file,"poolboy/src/poolboy.erl"},{line,145}]},{gen_server,init_it,2,[{file,"gen_server.erl"},{line,374}]},{gen_server,init_it,6,[{file,"gen_server.erl"},{line,342}]},{proc_lib,init_p_do_apply,3,[{file,"proc_lib.erl"},{line,249}]}]}
     Offender:   [{pid,undefined},{id,game},{mfargs,{poolboy,start_link,[[{strategy,fifo},{name,{local,game}},{worker_module,mysql},{size,4},{max_overflow,20}],[{host,"192.168.1.113"},{database,"Wxr_zj"},{user,"root"},{password,"bltech113"}]]}},{restart_type,permanent},{shutdown,5000},{child_type,worker}]

